<?xml version="1.0" encoding="UTF-8"?>
<!-- Generated by org.testng.reporters.JUnitReportReporter -->
<testsuite hostname="DESKTOP-S5MMF0I" failures="0" tests="1" name="TestCases.LoginTest" time="26.667" errors="0" timestamp="2023-06-06T15:50:15 IST" skipped="0">
  <testcase classname="TestCases.LoginTest" name="TC01CalculateEMI" time="26.667"/>
  <system-out/>
</testsuite> <!-- TestCases.LoginTest -->
